2016/01/09 20:29:35 INFO  - jmeter.util.JMeterUtils: Setting Locale to es_ES 
2016/01/09 20:29:35 INFO  - jmeter.util.JMeterUtils: Could not find resources for 'es_ES', using 'es' 
2016/01/09 20:29:35 INFO  - jmeter.JMeter: Loading user properties from: C:\Users\logongas\Documents\desarrollo\apps\fpempresa_app\fpempresa\jmeter\bin\user.properties 
2016/01/09 20:29:35 INFO  - jmeter.JMeter: Loading system properties from: C:\Users\logongas\Documents\desarrollo\apps\fpempresa_app\fpempresa\jmeter\bin\system.properties 
2016/01/09 20:29:35 INFO  - jmeter.JMeter: Setting JMeter property: jmeter.save.saveservice.output_format=xml 
2016/01/09 20:29:35 INFO  - jmeter.JMeter: Setting JMeter property: jmeter.save.saveservice.assertion_results=all 
2016/01/09 20:29:35 INFO  - jmeter.JMeter: Setting JMeter property: jmeter.save.saveservice.bytes=true 
2016/01/09 20:29:35 INFO  - jmeter.JMeter: Setting JMeter property: file_format.testlog=${format} 
2016/01/09 20:29:35 INFO  - jmeter.JMeter: Setting JMeter property: jmeter.save.saveservice.response_data.on_error=${funcMode} 
2016/01/09 20:29:35 INFO  - jmeter.JMeter: Copyright (c) 1998-2015 The Apache Software Foundation 
2016/01/09 20:29:35 INFO  - jmeter.JMeter: Version 2.13 r1665067 
2016/01/09 20:29:35 INFO  - jmeter.JMeter: java.version=1.7.0_71 
2016/01/09 20:29:35 INFO  - jmeter.JMeter: java.vm.name=Java HotSpot(TM) 64-Bit Server VM 
2016/01/09 20:29:35 INFO  - jmeter.JMeter: os.name=Windows 7 
2016/01/09 20:29:35 INFO  - jmeter.JMeter: os.arch=amd64 
2016/01/09 20:29:35 INFO  - jmeter.JMeter: os.version=6.1 
2016/01/09 20:29:35 INFO  - jmeter.JMeter: file.encoding=Cp1252 
2016/01/09 20:29:36 INFO  - jmeter.JMeter: Default Locale=español (España) 
2016/01/09 20:29:36 INFO  - jmeter.JMeter: JMeter  Locale=español (España) 
2016/01/09 20:29:36 INFO  - jmeter.JMeter: JMeterHome=C:\Users\logongas\Documents\desarrollo\apps\fpempresa_app\fpempresa\jmeter 
2016/01/09 20:29:36 INFO  - jmeter.JMeter: user.dir  =C:\Users\logongas\Documents\desarrollo\apps\fpempresa_app\fpempresa\jmeter\bin 
2016/01/09 20:29:36 INFO  - jmeter.JMeter: PWD       =C:\Users\logongas\Documents\desarrollo\apps\fpempresa_app\fpempresa\jmeter\bin 
2016/01/09 20:29:36 INFO  - jmeter.JMeter: IP: 192.168.1.51 Name: beren FullName: beren 
2016/01/09 20:29:36 INFO  - jmeter.services.FileServer: Default base='C:\Users\logongas\Documents\desarrollo\apps\fpempresa_app\fpempresa\jmeter\bin' 
2016/01/09 20:29:36 INFO  - jmeter.services.FileServer: Set new base='C:\Users\logongas\Documents\desarrollo\apps\fpempresa_app\fpempresa\jmeter' 
2016/01/09 20:29:36 ERROR - jmeter.save.SaveService: Invalid test log format: ${format} 
2016/01/09 20:29:36 INFO  - jmeter.save.SaveService: Testplan (JMX) version: 2.2. Testlog (JTL) version: ${format} 
2016/01/09 20:29:36 INFO  - jmeter.save.SaveService: Using SaveService properties file encoding UTF-8 
2016/01/09 20:29:36 INFO  - jmeter.save.SaveService: Using SaveService properties file version 1656252 
2016/01/09 20:29:36 INFO  - jmeter.save.SaveService: Using SaveService properties version 2.8 
2016/01/09 20:29:36 INFO  - jmeter.save.SaveService: All converter versions present and correct 
2016/01/09 20:29:36 INFO  - jmeter.save.SaveService: Loading file: C:\Users\logongas\Documents\desarrollo\apps\fpempresa_app\fpempresa\jmeter\fpempresa.jmx 
2016/01/09 20:29:36 INFO  - jmeter.protocol.http.sampler.HTTPSamplerBase: Cannot find .className property for htmlParser, using default 
2016/01/09 20:29:36 INFO  - jmeter.protocol.http.sampler.HTTPSamplerBase: Parser for text/html is  
2016/01/09 20:29:36 INFO  - jmeter.protocol.http.sampler.HTTPSamplerBase: Parser for application/xhtml+xml is  
2016/01/09 20:29:36 INFO  - jmeter.protocol.http.sampler.HTTPSamplerBase: Parser for application/xml is  
2016/01/09 20:29:36 INFO  - jmeter.protocol.http.sampler.HTTPSamplerBase: Parser for text/xml is  
2016/01/09 20:29:36 INFO  - jmeter.protocol.http.sampler.HTTPSamplerBase: Parser for text/vnd.wap.wml is org.apache.jmeter.protocol.http.parser.RegexpHTMLParser 
2016/01/09 20:29:36 INFO  - jmeter.JMeter: Creating summariser <summary> 
2016/01/09 20:29:36 INFO  - jmeter.engine.StandardJMeterEngine: Listeners will be started after enabling running version 
2016/01/09 20:29:36 INFO  - jmeter.engine.StandardJMeterEngine: To revert to the earlier behaviour, define jmeterengine.startlistenerslater=false 
2016/01/09 20:29:36 INFO  - jmeter.engine.StandardJMeterEngine: Running the test! 
2016/01/09 20:29:36 INFO  - jmeter.samplers.SampleEvent: List of sample_variables: [] 
2016/01/09 20:29:36 INFO  - jmeter.samplers.SampleEvent: List of sample_variables: [] 
2016/01/09 20:29:36 INFO  - jmeter.engine.util.CompoundVariable: Note: Function class names must contain the string: '.functions.' 
2016/01/09 20:29:36 INFO  - jmeter.engine.util.CompoundVariable: Note: Function class names must not contain the string: '.gui.' 
2016/01/09 20:29:36 INFO  - jmeter.JMeter: Test lanzado (1452367776507) 
2016/01/09 20:29:36 INFO  - jmeter.engine.StandardJMeterEngine: Starting ThreadGroup: 1 : 1000 
2016/01/09 20:29:36 INFO  - jmeter.engine.StandardJMeterEngine: Starting 1 threads for group 1000. 
2016/01/09 20:29:36 INFO  - jmeter.engine.StandardJMeterEngine: Thread will continue on error 
2016/01/09 20:29:36 INFO  - jmeter.threads.ThreadGroup: Starting thread group number 1 threads 1 ramp-up 1 perThread 1000.0 delayedStart=false 
2016/01/09 20:29:36 INFO  - jmeter.threads.JMeterThread: jmeterthread.startearlier=true (see jmeter.properties) 
2016/01/09 20:29:36 INFO  - jmeter.threads.JMeterThread: Running PostProcessors in forward order 
2016/01/09 20:29:36 INFO  - jmeter.threads.ThreadGroup: Started thread group number 1 
2016/01/09 20:29:36 INFO  - jmeter.engine.StandardJMeterEngine: All thread groups have been started 
2016/01/09 20:29:36 INFO  - jmeter.threads.JMeterThread: Thread started: 1000 1-1 
2016/01/09 20:29:36 INFO  - jmeter.protocol.http.sampler.HTTPHCAbstractImpl: Local host = beren 
2016/01/09 20:29:36 INFO  - jmeter.protocol.http.sampler.HTTPHC4Impl: HTTP request retry count = 0 
2016/01/09 20:29:36 INFO  - jmeter.protocol.http.sampler.HTTPHC4Impl: Setting up HTTPS TrustAll scheme 
2016/01/09 20:29:36 INFO  - jmeter.util.JsseSSLManager: Using default SSL protocol: TLS 
2016/01/09 20:29:36 INFO  - jmeter.util.JsseSSLManager: SSL session context: per-thread 
2016/01/09 20:29:36 INFO  - jmeter.samplers.SampleResult: Note: Sample TimeStamps are START times 
2016/01/09 20:29:36 INFO  - jmeter.samplers.SampleResult: sampleresult.default.encoding is set to ISO-8859-1 
2016/01/09 20:29:36 INFO  - jmeter.samplers.SampleResult: sampleresult.useNanoTime=true 
2016/01/09 20:29:36 INFO  - jmeter.samplers.SampleResult: sampleresult.nanoThreadSleep=5000 
2016/01/09 20:30:00 INFO  - jmeter.reporters.Summariser: summary +    204 in    24s =    8,7/s Avg:   112 Min:    29 Max:   365 Err:     0 (0,00%) Active: 1 Started: 1 Finished: 0 
2016/01/09 20:30:30 INFO  - jmeter.reporters.Summariser: summary +    264 in  30,1s =    8,8/s Avg:   113 Min:    36 Max:   549 Err:     0 (0,00%) Active: 1 Started: 1 Finished: 0 
2016/01/09 20:30:30 INFO  - jmeter.reporters.Summariser: summary =    468 in    54s =    8,7/s Avg:   112 Min:    29 Max:   549 Err:     0 (0,00%) 
2016/01/09 20:30:45 INFO  - jmeter.threads.JMeterThread: Thread is done: 1000 1-1 
2016/01/09 20:30:45 INFO  - jmeter.threads.JMeterThread: Thread finished: 1000 1-1 
2016/01/09 20:30:45 INFO  - jmeter.engine.StandardJMeterEngine: Notifying test listeners of end of test 
2016/01/09 20:30:45 INFO  - jmeter.reporters.Summariser: summary +    132 in  15,2s =    8,7/s Avg:   114 Min:    36 Max:   342 Err:     0 (0,00%) Active: 0 Started: 1 Finished: 1 
2016/01/09 20:30:45 INFO  - jmeter.reporters.Summariser: summary =    600 in    69s =    8,7/s Avg:   113 Min:    29 Max:   549 Err:     0 (0,00%) 
